<?xml version="1.0" encoding="UTF-8"?>
<testng-results ignored="0" total="1" passed="1" failed="0" skipped="0">
  <reporter-output>
  </reporter-output>
  <suite started-at="2020-12-21T14:12:33 IST" name="Suite1" finished-at="2020-12-21T14:12:33 IST" duration-ms="38">
    <groups>
    </groups>
    <test started-at="2020-12-21T14:12:33 IST" name="Nopackage" finished-at="2020-12-21T14:12:33 IST" duration-ms="38">
      <class name="com.pipelinetests.PrintHelloTest">
        <test-method is-config="true" signature="init()[pri:0, instance:com.pipelinetests.PrintHelloTest@76ed1b7c]" started-at="2020-12-21T14:12:33 IST" name="init" finished-at="2020-12-21T14:12:33 IST" duration-ms="7" status="PASS">
          <reporter-output>
          </reporter-output>
        </test-method> <!-- init -->
        <test-method signature="printHelloTest()[pri:0, instance:com.pipelinetests.PrintHelloTest@76ed1b7c]" started-at="2020-12-21T14:12:33 IST" name="printHelloTest" finished-at="2020-12-21T14:12:33 IST" duration-ms="6" status="PASS">
          <reporter-output>
          </reporter-output>
        </test-method> <!-- printHelloTest -->
      </class> <!-- com.pipelinetests.PrintHelloTest -->
    </test> <!-- Nopackage -->
  </suite> <!-- Suite1 -->
</testng-results>
