<?xml version="1.0" encoding="UTF-8"?>
<testng-results ignored="0" total="1" passed="1" failed="0" skipped="0">
  <reporter-output>
  </reporter-output>
  <suite started-at="2020-12-21T15:31:24 IST" name="Surefire suite" finished-at="2020-12-21T15:31:24 IST" duration-ms="35">
    <groups>
    </groups>
    <test started-at="2020-12-21T15:31:24 IST" name="Surefire test" finished-at="2020-12-21T15:31:24 IST" duration-ms="35">
      <class name="com.pipelinetests.PrintHelloTest">
        <test-method is-config="true" signature="init()[pri:0, instance:com.pipelinetests.PrintHelloTest@36902638]" started-at="2020-12-21T15:31:24 IST" name="init" finished-at="2020-12-21T15:31:24 IST" duration-ms="7" status="PASS">
          <reporter-output>
          </reporter-output>
        </test-method> <!-- init -->
        <test-method signature="printHelloTest()[pri:0, instance:com.pipelinetests.PrintHelloTest@36902638]" started-at="2020-12-21T15:31:24 IST" name="printHelloTest" finished-at="2020-12-21T15:31:24 IST" duration-ms="3" status="PASS">
          <reporter-output>
          </reporter-output>
        </test-method> <!-- printHelloTest -->
      </class> <!-- com.pipelinetests.PrintHelloTest -->
    </test> <!-- Surefire test -->
  </suite> <!-- Surefire suite -->
</testng-results>
